{
  "Cucumber Features": {
    "coverage": {
    },
    "timestamp": 1425359942
  },
  "RSpec": {
    "coverage": {
      "/home/aaron/Documents/cs169/hw2/rottenpotatoes/app/controllers/application_controller.rb": [
        1,
        1,
        null
      ],
      "/home/aaron/Documents/cs169/hw2/rottenpotatoes/app/helpers/application_helper.rb": [
        1,
        null
      ],
      "/home/aaron/Documents/cs169/hw2/rottenpotatoes/app/controllers/movies_controller.rb": [
        1,
        1,
        null,
        1,
        0,
        0,
        0,
        0,
        null,
        null,
        null,
        1,
        1,
        0,
        null,
        null,
        null,
        1,
        1,
        1,
        1,
        0,
        0,
        0,
        null,
        0,
        0,
        0,
        0,
        0,
        null,
        null,
        null,
        1,
        null,
        null,
        null,
        1,
        1,
        0,
        0,
        null,
        null,
        1,
        0,
        null,
        null,
        1,
        1,
        0,
        0,
        0,
        null,
        null,
        1,
        1,
        0,
        0,
        0,
        null,
        null,
        1,
        1,
        0,
        0,
        0,
        0,
        null,
        0,
        null,
        null,
        null,
        null,
        null
      ],
      "/home/aaron/Documents/cs169/hw2/rottenpotatoes/app/models/movie.rb": [
        1,
        1,
        1,
        1,
        2,
        null,
        null,
        1,
        1,
        null,
        null
      ]
    },
    "timestamp": 1425358656
  }
}
